<?xml version="1.0" encoding="UTF-8"?>
<!-- Generated by org.testng.reporters.JUnitReportReporter -->
<testsuite hostname="DESKTOP-2BANVAE" failures="0" tests="1" name="pages.HomePage" time="4.530" errors="0" timestamp="20 Apr 2018 00:13:04 GMT" skipped="0">
  <testcase classname="pages.HomePage" name="goToWebsite" time="4.530"/>
</testsuite> <!-- pages.HomePage -->
