<?xml version="1.0" encoding="UTF-8"?>
<!-- Generated by org.testng.reporters.JUnitReportReporter -->
<testsuite skipped="0" hostname="dsvi0105" name="tests.LoginFailureTest" tests="1" failures="0" timestamp="23 Apr 2018 18:42:49 GMT" time="9.852" errors="0">
  <testcase name="loginFailureTest" time="9.852" classname="tests.LoginFailureTest"/>
</testsuite> <!-- tests.LoginFailureTest -->
