<?xml version="1.0" encoding="UTF-8"?>
<!-- Generated by org.testng.reporters.JUnitReportReporter -->
<testsuite hostname="DESKTOP-2BANVAE" failures="0" tests="1" name="tests.TestOpinionsPage" time="24.622" errors="0" timestamp="24 Apr 2018 01:36:18 GMT" skipped="0">
  <testcase classname="tests.TestOpinionsPage" name="navigateOpinionsTest" time="24.622"/>
</testsuite> <!-- tests.TestOpinionsPage -->
