<?xml version="1.0" encoding="UTF-8"?>
<!-- Generated by org.testng.reporters.JUnitReportReporter -->
<testsuite hostname="DESKTOP-2BANVAE" failures="0" tests="1" name="tests.TestSearchBar" time="10.534" errors="0" timestamp="24 Apr 2018 01:36:18 GMT" skipped="0">
  <testcase classname="tests.TestSearchBar" name="testSearchBar" time="10.534"/>
</testsuite> <!-- tests.TestSearchBar -->
